app/build/intermediates/manifest_merge_blame_file/debug/manifest-merger-blame-debug-report.txt
1<?xml version="1.0" encoding="utf-8"?>
2<manifest xmlns:android="http://schemas.android.com/apk/res/android"
3    package="com.example.cockmate"
4    android:versionCode="1"
5    android:versionName="1.0" >
6
7    <uses-sdk
8        android:minSdkVersion="21"
8-->src\main\AndroidManifest.xml
9        android:targetSdkVersion="32" />
9-->src\main\AndroidManifest.xml
10
11    <uses-permission android:name="android.permission.INTERNET" />
11-->src\main\AndroidManifest.xml:6:5-67
11-->src\main\AndroidManifest.xml:6:22-64
12    <uses-permission android:name="android.permission.WRITE_EXTERNAL_STORAGE" />
12-->src\main\AndroidManifest.xml:7:5-80
12-->src\main\AndroidManifest.xml:7:22-78
13    <uses-permission android:name="android.permission.CAMERA" />
13-->src\main\AndroidManifest.xml:8:5-64
13-->src\main\AndroidManifest.xml:8:22-62
14    <uses-permission android:name="android.permission.READ_EXTERNAL_STORAGE" />
14-->src\main\AndroidManifest.xml:9:5-79
14-->src\main\AndroidManifest.xml:9:22-77
15    <uses-permission
15-->src\main\AndroidManifest.xml:10:5-86
16        android:name="android.hardware.camera"
16-->src\main\AndroidManifest.xml:10:22-60
17        android:required="true" />
17-->src\main\AndroidManifest.xml:10:61-84
18
19    <!-- Although the *SdkVersion is captured in gradle build files, this is required for non gradle builds -->
20    <!-- <uses-sdk android:minSdkVersion="14"/> -->
21    <uses-permission android:name="android.permission.ACCESS_NETWORK_STATE" />
21-->[com.google.firebase:firebase-database:20.1.0] AndroidManifest.xml:24:5-79
21-->[com.google.firebase:firebase-database:20.1.0] AndroidManifest.xml:24:22-76
22    <uses-permission android:name="android.permission.WAKE_LOCK" />
22-->[com.google.android.gms:play-services-measurement-api:21.2.0] AndroidManifest.xml:24:5-68
22-->[com.google.android.gms:play-services-measurement-api:21.2.0] AndroidManifest.xml:24:22-65
23    <uses-permission android:name="com.google.android.gms.permission.AD_ID" />
23-->[com.google.android.gms:play-services-measurement-api:21.2.0] AndroidManifest.xml:25:5-79
23-->[com.google.android.gms:play-services-measurement-api:21.2.0] AndroidManifest.xml:25:22-76
24    <uses-permission android:name="com.google.android.finsky.permission.BIND_GET_INSTALL_REFERRER_SERVICE" />
24-->[com.google.android.gms:play-services-measurement:21.2.0] AndroidManifest.xml:26:5-110
24-->[com.google.android.gms:play-services-measurement:21.2.0] AndroidManifest.xml:26:22-107
25
26    <application
26-->src\main\AndroidManifest.xml:13:5-51:19
27        android:allowBackup="true"
27-->src\main\AndroidManifest.xml:15:9-35
28        android:appComponentFactory="androidx.core.app.CoreComponentFactory"
28-->[androidx.core:core:1.8.0] AndroidManifest.xml:24:18-86
29        android:dataExtractionRules="@xml/data_extraction_rules"
29-->src\main\AndroidManifest.xml:16:9-65
30        android:debuggable="true"
31        android:fullBackupContent="@xml/backup_rules"
31-->src\main\AndroidManifest.xml:17:9-54
32        android:icon="@mipmap/ic_launcher"
32-->src\main\AndroidManifest.xml:18:9-43
33        android:label="@string/app_name"
33-->src\main\AndroidManifest.xml:19:9-41
34        android:roundIcon="@mipmap/ic_launcher_round"
34-->src\main\AndroidManifest.xml:20:9-54
35        android:supportsRtl="true"
35-->src\main\AndroidManifest.xml:21:9-35
36        android:testOnly="true"
37        android:theme="@style/Theme.AppCompat.Light.NoActionBar"
37-->src\main\AndroidManifest.xml:22:9-65
38        android:usesCleartextTraffic="true" >
38-->src\main\AndroidManifest.xml:14:9-44
39        <activity
39-->src\main\AndroidManifest.xml:24:9-26:40
40            android:name="com.example.cockmate.util.JoinActivity"
40-->src\main\AndroidManifest.xml:25:13-46
41            android:exported="false" />
41-->src\main\AndroidManifest.xml:26:13-37
42        <activity
42-->src\main\AndroidManifest.xml:27:9-29:40
43            android:name="com.example.cockmate.util.LoginActivity"
43-->src\main\AndroidManifest.xml:28:13-47
44            android:exported="false" />
44-->src\main\AndroidManifest.xml:29:13-37
45        <activity
45-->src\main\AndroidManifest.xml:30:9-38:20
46            android:name="com.example.cockmate.util.MainActivity"
46-->src\main\AndroidManifest.xml:31:13-46
47            android:exported="true" >
47-->src\main\AndroidManifest.xml:32:13-36
48            <intent-filter>
48-->src\main\AndroidManifest.xml:33:13-37:29
49                <action android:name="android.intent.action.MAIN" />
49-->src\main\AndroidManifest.xml:34:17-69
49-->src\main\AndroidManifest.xml:34:25-66
50
51                <category android:name="android.intent.category.LAUNCHER" />
51-->src\main\AndroidManifest.xml:36:17-77
51-->src\main\AndroidManifest.xml:36:27-74
52            </intent-filter>
53        </activity>
54        <activity
54-->src\main\AndroidManifest.xml:39:9-41:40
55            android:name="com.example.cockmate.util.BoardActivity"
55-->src\main\AndroidManifest.xml:40:13-47
56            android:exported="false" />
56-->src\main\AndroidManifest.xml:41:13-37
57        <activity
57-->src\main\AndroidManifest.xml:42:9-44:40
58            android:name="com.example.cockmate.util.PostActivity"
58-->src\main\AndroidManifest.xml:43:13-46
59            android:exported="false" />
59-->src\main\AndroidManifest.xml:44:13-37
60        <activity
60-->src\main\AndroidManifest.xml:45:9-47:40
61            android:name="com.example.cockmate.util.DetailActivity"
61-->src\main\AndroidManifest.xml:46:13-48
62            android:exported="false" />
62-->src\main\AndroidManifest.xml:47:13-37
63        <activity
63-->src\main\AndroidManifest.xml:48:9-50:40
64            android:name="com.example.cockmate.util.CameraActivity"
64-->src\main\AndroidManifest.xml:49:13-48
65            android:exported="false" />
65-->src\main\AndroidManifest.xml:50:13-37
66
67        <service
67-->[com.google.firebase:firebase-auth-ktx:21.1.0] AndroidManifest.xml:8:9-14:19
68            android:name="com.google.firebase.components.ComponentDiscoveryService"
68-->[com.google.firebase:firebase-auth-ktx:21.1.0] AndroidManifest.xml:9:13-84
69            android:directBootAware="true"
69-->[com.google.firebase:firebase-common:20.2.0] AndroidManifest.xml:34:13-43
70            android:exported="false" >
70-->[com.google.firebase:firebase-auth-ktx:21.1.0] AndroidManifest.xml:10:13-37
71            <meta-data
71-->[com.google.firebase:firebase-auth-ktx:21.1.0] AndroidManifest.xml:11:13-13:85
72                android:name="com.google.firebase.components:com.google.firebase.auth.ktx.FirebaseAuthKtxRegistrar"
72-->[com.google.firebase:firebase-auth-ktx:21.1.0] AndroidManifest.xml:12:17-116
73                android:value="com.google.firebase.components.ComponentRegistrar" />
73-->[com.google.firebase:firebase-auth-ktx:21.1.0] AndroidManifest.xml:13:17-82
74            <meta-data
74-->[com.google.firebase:firebase-database:20.1.0] AndroidManifest.xml:31:13-33:85
75                android:name="com.google.firebase.components:com.google.firebase.database.DatabaseRegistrar"
75-->[com.google.firebase:firebase-database:20.1.0] AndroidManifest.xml:32:17-109
76                android:value="com.google.firebase.components.ComponentRegistrar" />
76-->[com.google.firebase:firebase-database:20.1.0] AndroidManifest.xml:33:17-82
77            <meta-data
77-->[com.google.firebase:firebase-firestore:24.4.0] AndroidManifest.xml:19:13-21:85
78                android:name="com.google.firebase.components:com.google.firebase.firestore.FirestoreRegistrar"
78-->[com.google.firebase:firebase-firestore:24.4.0] AndroidManifest.xml:20:17-111
79                android:value="com.google.firebase.components.ComponentRegistrar" />
79-->[com.google.firebase:firebase-firestore:24.4.0] AndroidManifest.xml:21:17-82
80            <meta-data
80-->[com.google.firebase:firebase-auth:21.1.0] AndroidManifest.xml:67:13-69:85
81                android:name="com.google.firebase.components:com.google.firebase.auth.FirebaseAuthRegistrar"
81-->[com.google.firebase:firebase-auth:21.1.0] AndroidManifest.xml:68:17-109
82                android:value="com.google.firebase.components.ComponentRegistrar" />
82-->[com.google.firebase:firebase-auth:21.1.0] AndroidManifest.xml:69:17-82
83            <meta-data
83-->[com.google.firebase:firebase-common-ktx:20.2.0] AndroidManifest.xml:14:13-16:85
84                android:name="com.google.firebase.components:com.google.firebase.ktx.FirebaseCommonKtxRegistrar"
84-->[com.google.firebase:firebase-common-ktx:20.2.0] AndroidManifest.xml:15:17-113
85                android:value="com.google.firebase.components.ComponentRegistrar" />
85-->[com.google.firebase:firebase-common-ktx:20.2.0] AndroidManifest.xml:16:17-82
86            <meta-data
86-->[com.google.android.gms:play-services-measurement-api:21.2.0] AndroidManifest.xml:31:13-33:85
87                android:name="com.google.firebase.components:com.google.firebase.analytics.connector.internal.AnalyticsConnectorRegistrar"
87-->[com.google.android.gms:play-services-measurement-api:21.2.0] AndroidManifest.xml:32:17-139
88                android:value="com.google.firebase.components.ComponentRegistrar" />
88-->[com.google.android.gms:play-services-measurement-api:21.2.0] AndroidManifest.xml:33:17-82
89            <meta-data
89-->[com.google.firebase:firebase-installations:17.1.0] AndroidManifest.xml:17:13-19:85
90                android:name="com.google.firebase.components:com.google.firebase.installations.FirebaseInstallationsRegistrar"
90-->[com.google.firebase:firebase-installations:17.1.0] AndroidManifest.xml:18:17-127
91                android:value="com.google.firebase.components.ComponentRegistrar" />
91-->[com.google.firebase:firebase-installations:17.1.0] AndroidManifest.xml:19:17-82
92        </service>
93
94        <activity
94-->[com.google.android.gms:play-services-auth:20.3.0] AndroidManifest.xml:23:9-27:75
95            android:name="com.google.android.gms.auth.api.signin.internal.SignInHubActivity"
95-->[com.google.android.gms:play-services-auth:20.3.0] AndroidManifest.xml:24:13-93
96            android:excludeFromRecents="true"
96-->[com.google.android.gms:play-services-auth:20.3.0] AndroidManifest.xml:25:13-46
97            android:exported="false"
97-->[com.google.android.gms:play-services-auth:20.3.0] AndroidManifest.xml:26:13-37
98            android:theme="@android:style/Theme.Translucent.NoTitleBar" />
98-->[com.google.android.gms:play-services-auth:20.3.0] AndroidManifest.xml:27:13-72
99        <!--
100            Service handling Google Sign-In user revocation. For apps that do not integrate with
101            Google Sign-In, this service will never be started.
102        -->
103        <service
103-->[com.google.android.gms:play-services-auth:20.3.0] AndroidManifest.xml:33:9-37:51
104            android:name="com.google.android.gms.auth.api.signin.RevocationBoundService"
104-->[com.google.android.gms:play-services-auth:20.3.0] AndroidManifest.xml:34:13-89
105            android:exported="true"
105-->[com.google.android.gms:play-services-auth:20.3.0] AndroidManifest.xml:35:13-36
106            android:permission="com.google.android.gms.auth.api.signin.permission.REVOCATION_NOTIFICATION"
106-->[com.google.android.gms:play-services-auth:20.3.0] AndroidManifest.xml:36:13-107
107            android:visibleToInstantApps="true" />
107-->[com.google.android.gms:play-services-auth:20.3.0] AndroidManifest.xml:37:13-48
108
109        <activity
109-->[com.google.firebase:firebase-auth:21.1.0] AndroidManifest.xml:27:9-44:20
110            android:name="com.google.firebase.auth.internal.GenericIdpActivity"
110-->[com.google.firebase:firebase-auth:21.1.0] AndroidManifest.xml:28:13-80
111            android:excludeFromRecents="true"
111-->[com.google.firebase:firebase-auth:21.1.0] AndroidManifest.xml:29:13-46
112            android:exported="true"
112-->[com.google.firebase:firebase-auth:21.1.0] AndroidManifest.xml:30:13-36
113            android:launchMode="singleTask"
113-->[com.google.firebase:firebase-auth:21.1.0] AndroidManifest.xml:31:13-44
114            android:theme="@android:style/Theme.Translucent.NoTitleBar" >
114-->[com.google.firebase:firebase-auth:21.1.0] AndroidManifest.xml:32:13-72
115            <intent-filter>
115-->[com.google.firebase:firebase-auth:21.1.0] AndroidManifest.xml:33:13-43:29
116                <action android:name="android.intent.action.VIEW" />
116-->[com.google.firebase:firebase-auth:21.1.0] AndroidManifest.xml:34:17-69
116-->[com.google.firebase:firebase-auth:21.1.0] AndroidManifest.xml:34:25-66
117
118                <category android:name="android.intent.category.DEFAULT" />
118-->[com.google.firebase:firebase-auth:21.1.0] AndroidManifest.xml:36:17-76
118-->[com.google.firebase:firebase-auth:21.1.0] AndroidManifest.xml:36:27-73
119                <category android:name="android.intent.category.BROWSABLE" />
119-->[com.google.firebase:firebase-auth:21.1.0] AndroidManifest.xml:37:17-78
119-->[com.google.firebase:firebase-auth:21.1.0] AndroidManifest.xml:37:27-75
120
121                <data
121-->[com.google.firebase:firebase-auth:21.1.0] AndroidManifest.xml:39:17-42:51
122                    android:host="firebase.auth"
122-->[com.google.firebase:firebase-auth:21.1.0] AndroidManifest.xml:40:21-49
123                    android:path="/"
123-->[com.google.firebase:firebase-auth:21.1.0] AndroidManifest.xml:41:21-37
124                    android:scheme="genericidp" />
124-->[com.google.firebase:firebase-auth:21.1.0] AndroidManifest.xml:42:21-48
125            </intent-filter>
126        </activity>
127        <activity
127-->[com.google.firebase:firebase-auth:21.1.0] AndroidManifest.xml:45:9-62:20
128            android:name="com.google.firebase.auth.internal.RecaptchaActivity"
128-->[com.google.firebase:firebase-auth:21.1.0] AndroidManifest.xml:46:13-79
129            android:excludeFromRecents="true"
129-->[com.google.firebase:firebase-auth:21.1.0] AndroidManifest.xml:47:13-46
130            android:exported="true"
130-->[com.google.firebase:firebase-auth:21.1.0] AndroidManifest.xml:48:13-36
131            android:launchMode="singleTask"
131-->[com.google.firebase:firebase-auth:21.1.0] AndroidManifest.xml:49:13-44
132            android:theme="@android:style/Theme.Translucent.NoTitleBar" >
132-->[com.google.firebase:firebase-auth:21.1.0] AndroidManifest.xml:50:13-72
133            <intent-filter>
133-->[com.google.firebase:firebase-auth:21.1.0] AndroidManifest.xml:51:13-61:29
134                <action android:name="android.intent.action.VIEW" />
134-->[com.google.firebase:firebase-auth:21.1.0] AndroidManifest.xml:34:17-69
134-->[com.google.firebase:firebase-auth:21.1.0] AndroidManifest.xml:34:25-66
135
136                <category android:name="android.intent.category.DEFAULT" />
136-->[com.google.firebase:firebase-auth:21.1.0] AndroidManifest.xml:36:17-76
136-->[com.google.firebase:firebase-auth:21.1.0] AndroidManifest.xml:36:27-73
137                <category android:name="android.intent.category.BROWSABLE" />
137-->[com.google.firebase:firebase-auth:21.1.0] AndroidManifest.xml:37:17-78
137-->[com.google.firebase:firebase-auth:21.1.0] AndroidManifest.xml:37:27-75
138
139                <data
139-->[com.google.firebase:firebase-auth:21.1.0] AndroidManifest.xml:39:17-42:51
140                    android:host="firebase.auth"
140-->[com.google.firebase:firebase-auth:21.1.0] AndroidManifest.xml:40:21-49
141                    android:path="/"
141-->[com.google.firebase:firebase-auth:21.1.0] AndroidManifest.xml:41:21-37
142                    android:scheme="recaptcha" />
142-->[com.google.firebase:firebase-auth:21.1.0] AndroidManifest.xml:42:21-48
143            </intent-filter>
144        </activity>
145
146        <provider
146-->[com.google.firebase:firebase-common:20.2.0] AndroidManifest.xml:25:9-30:39
147            android:name="com.google.firebase.provider.FirebaseInitProvider"
147-->[com.google.firebase:firebase-common:20.2.0] AndroidManifest.xml:26:13-77
148            android:authorities="com.example.cockmate.firebaseinitprovider"
148-->[com.google.firebase:firebase-common:20.2.0] AndroidManifest.xml:27:13-72
149            android:directBootAware="true"
149-->[com.google.firebase:firebase-common:20.2.0] AndroidManifest.xml:28:13-43
150            android:exported="false"
150-->[com.google.firebase:firebase-common:20.2.0] AndroidManifest.xml:29:13-37
151            android:initOrder="100" />
151-->[com.google.firebase:firebase-common:20.2.0] AndroidManifest.xml:30:13-36
152
153        <activity
153-->[com.google.android.gms:play-services-base:18.0.1] AndroidManifest.xml:20:9-22:45
154            android:name="com.google.android.gms.common.api.GoogleApiActivity"
154-->[com.google.android.gms:play-services-base:18.0.1] AndroidManifest.xml:20:19-85
155            android:exported="false"
155-->[com.google.android.gms:play-services-base:18.0.1] AndroidManifest.xml:22:19-43
156            android:theme="@android:style/Theme.Translucent.NoTitleBar" />
156-->[com.google.android.gms:play-services-base:18.0.1] AndroidManifest.xml:21:19-78
157
158        <receiver
158-->[com.google.android.gms:play-services-measurement:21.2.0] AndroidManifest.xml:29:9-33:20
159            android:name="com.google.android.gms.measurement.AppMeasurementReceiver"
159-->[com.google.android.gms:play-services-measurement:21.2.0] AndroidManifest.xml:30:13-85
160            android:enabled="true"
160-->[com.google.android.gms:play-services-measurement:21.2.0] AndroidManifest.xml:31:13-35
161            android:exported="false" >
161-->[com.google.android.gms:play-services-measurement:21.2.0] AndroidManifest.xml:32:13-37
162        </receiver>
163
164        <service
164-->[com.google.android.gms:play-services-measurement:21.2.0] AndroidManifest.xml:35:9-38:40
165            android:name="com.google.android.gms.measurement.AppMeasurementService"
165-->[com.google.android.gms:play-services-measurement:21.2.0] AndroidManifest.xml:36:13-84
166            android:enabled="true"
166-->[com.google.android.gms:play-services-measurement:21.2.0] AndroidManifest.xml:37:13-35
167            android:exported="false" />
167-->[com.google.android.gms:play-services-measurement:21.2.0] AndroidManifest.xml:38:13-37
168        <service
168-->[com.google.android.gms:play-services-measurement:21.2.0] AndroidManifest.xml:39:9-43:72
169            android:name="com.google.android.gms.measurement.AppMeasurementJobService"
169-->[com.google.android.gms:play-services-measurement:21.2.0] AndroidManifest.xml:40:13-87
170            android:enabled="true"
170-->[com.google.android.gms:play-services-measurement:21.2.0] AndroidManifest.xml:41:13-35
171            android:exported="false"
171-->[com.google.android.gms:play-services-measurement:21.2.0] AndroidManifest.xml:42:13-37
172            android:permission="android.permission.BIND_JOB_SERVICE" />
172-->[com.google.android.gms:play-services-measurement:21.2.0] AndroidManifest.xml:43:13-69
173
174        <meta-data
174-->[com.google.android.gms:play-services-basement:18.1.0] AndroidManifest.xml:21:9-23:69
175            android:name="com.google.android.gms.version"
175-->[com.google.android.gms:play-services-basement:18.1.0] AndroidManifest.xml:22:13-58
176            android:value="@integer/google_play_services_version" />
176-->[com.google.android.gms:play-services-basement:18.1.0] AndroidManifest.xml:23:13-66
177
178        <provider
178-->[androidx.emoji2:emoji2:1.2.0] AndroidManifest.xml:24:9-32:20
179            android:name="androidx.startup.InitializationProvider"
179-->[androidx.emoji2:emoji2:1.2.0] AndroidManifest.xml:25:13-67
180            android:authorities="com.example.cockmate.androidx-startup"
180-->[androidx.emoji2:emoji2:1.2.0] AndroidManifest.xml:26:13-68
181            android:exported="false" >
181-->[androidx.emoji2:emoji2:1.2.0] AndroidManifest.xml:27:13-37
182            <meta-data
182-->[androidx.emoji2:emoji2:1.2.0] AndroidManifest.xml:29:13-31:52
183                android:name="androidx.emoji2.text.EmojiCompatInitializer"
183-->[androidx.emoji2:emoji2:1.2.0] AndroidManifest.xml:30:17-75
184                android:value="androidx.startup" />
184-->[androidx.emoji2:emoji2:1.2.0] AndroidManifest.xml:31:17-49
185            <meta-data
185-->[androidx.lifecycle:lifecycle-process:2.4.1] AndroidManifest.xml:31:13-33:52
186                android:name="androidx.lifecycle.ProcessLifecycleInitializer"
186-->[androidx.lifecycle:lifecycle-process:2.4.1] AndroidManifest.xml:32:17-78
187                android:value="androidx.startup" />
187-->[androidx.lifecycle:lifecycle-process:2.4.1] AndroidManifest.xml:33:17-49
188        </provider>
189    </application>
190
191</manifest>